[debug] [2025-08-10T22:12:00.563Z] ----------------------------------------------------------------------
[debug] [2025-08-10T22:12:00.569Z] Command:       C:\Program Files\nodejs\node.exe C:\Users\yahya\AppData\Roaming\npm\node_modules\firebase-tools\lib\bin\firebase.js init hosting
[debug] [2025-08-10T22:12:00.570Z] CLI Version:   14.12.0
[debug] [2025-08-10T22:12:00.570Z] Platform:      win32
[debug] [2025-08-10T22:12:00.571Z] Node Version:  v22.18.0
[debug] [2025-08-10T22:12:00.571Z] Time:          Mon Aug 11 2025 01:12:00 GMT+0300 (Arabian Standard Time)
[debug] [2025-08-10T22:12:00.572Z] ----------------------------------------------------------------------
[debug] 
[debug] [2025-08-10T22:12:00.582Z] > command requires scopes: ["email","openid","https://www.googleapis.com/auth/cloudplatformprojects.readonly","https://www.googleapis.com/auth/firebase","https://www.googleapis.com/auth/cloud-platform"]
[debug] [2025-08-10T22:12:00.583Z] > authorizing via signed-in user (yahyamh2003@gmail.com)
[info] 
     ######## #### ########  ######## ########     ###     ######  ########
     ##        ##  ##     ## ##       ##     ##  ##   ##  ##       ##
     ######    ##  ########  ######   ########  #########  ######  ######
     ##        ##  ##    ##  ##       ##     ## ##     ##       ## ##
     ##       #### ##     ## ######## ########  ##     ##  ######  ########

You're about to initialize a Firebase project in this directory:

  C:\Users\yahya\OneDrive\Desktop\contractor-site

[info] 
=== Project Setup
[info] 
[info] First, let's associate this project directory with a Firebase project.
[info] You can create multiple project aliases by running firebase use --add, 
[info] but for now we'll just set up a default project.
[info] 
[debug] [2025-08-10T22:12:27.978Z] Checked if tokens are valid: true, expires at: 1754867353928
[debug] [2025-08-10T22:12:27.978Z] Checked if tokens are valid: true, expires at: 1754867353928
[debug] [2025-08-10T22:12:27.981Z] >>> [apiv2][query] GET https://firebase.googleapis.com/v1beta1/projects pageSize=100
[debug] [2025-08-10T22:12:29.115Z] <<< [apiv2][status] GET https://firebase.googleapis.com/v1beta1/projects 200
[debug] [2025-08-10T22:12:29.115Z] <<< [apiv2][body] GET https://firebase.googleapis.com/v1beta1/projects [omitted]
[info] i  Using project riyadhpaintting (RiyadhPaintting) 
[info] 
=== Hosting Setup
[debug] [2025-08-10T22:12:34.012Z] Checked if tokens are valid: true, expires at: 1754867353928
[debug] [2025-08-10T22:12:34.012Z] Checked if tokens are valid: true, expires at: 1754867353928
[debug] [2025-08-10T22:12:34.012Z] >>> [apiv2][query] GET https://firebase.googleapis.com/v1beta1/projects/riyadhpaintting [none]
[debug] [2025-08-10T22:12:34.431Z] <<< [apiv2][status] GET https://firebase.googleapis.com/v1beta1/projects/riyadhpaintting 200
[debug] [2025-08-10T22:12:34.431Z] <<< [apiv2][body] GET https://firebase.googleapis.com/v1beta1/projects/riyadhpaintting {"projectId":"riyadhpaintting","projectNumber":"664210004998","displayName":"RiyadhPaintting","name":"projects/riyadhpaintting","resources":{"hostingSite":"riyadhpaintting"},"state":"ACTIVE","etag":"1_cf4f2208-d959-4387-a90b-4486c9e37b0d"}
[info] 
[info] Your public directory is the folder (relative to your project directory) that
[info] will contain Hosting assets to be uploaded with firebase deploy. If you
[info] have a build process for your assets, use your build's output directory.
[info] 
[info] +  Wrote ./404.html 
[debug] [2025-08-10T22:15:02.589Z] >>> [apiv2][query] GET https://www.gstatic.com/firebasejs/releases.json [none]
[debug] [2025-08-10T22:15:03.212Z] <<< [apiv2][status] GET https://www.gstatic.com/firebasejs/releases.json 200
[debug] [2025-08-10T22:15:03.212Z] <<< [apiv2][body] GET https://www.gstatic.com/firebasejs/releases.json {"current":{"version":"12.1.0","browserURL":"https://www.gstatic.com/firebasejs/12.1.0/firebase.js","packageURL":"https://www.gstatic.com/firebasejs/12.1.0/firebase.tgz"},"live":{"version":"12.1","browserURL":"https://www.gstatic.com/firebasejs/live/12.1/firebase.js","packageURL":"https://www.gstatic.com/firebasejs/live/12.1/firebase.tgz"},"components":{"ai":"https://www.gstatic.com/firebasejs/12.1.0/firebase-ai.js","analytics":"https://www.gstatic.com/firebasejs/12.1.0/firebase-analytics.js","app":"https://www.gstatic.com/firebasejs/12.1.0/firebase-app.js","app-check":"https://www.gstatic.com/firebasejs/12.1.0/firebase-app-check.js","auth":"https://www.gstatic.com/firebasejs/12.1.0/firebase-auth.js","auth/cordova":"https://www.gstatic.com/firebasejs/12.1.0/firebase-auth/cordova.js","auth/web-extension":"https://www.gstatic.com/firebasejs/12.1.0/firebase-auth/web-extension.js","functions":"https://www.gstatic.com/firebasejs/12.1.0/firebase-functions.js","firestore":"https://www.gstatic.com/firebasejs/12.1.0/firebase-firestore.js","firestore/lite":"https://www.gstatic.com/firebasejs/12.1.0/firebase-firestore/lite.js","installations":"https://www.gstatic.com/firebasejs/12.1.0/firebase-installations.js","storage":"https://www.gstatic.com/firebasejs/12.1.0/firebase-storage.js","performance":"https://www.gstatic.com/firebasejs/12.1.0/firebase-performance.js","remote-config":"https://www.gstatic.com/firebasejs/12.1.0/firebase-remote-config.js","messaging":"https://www.gstatic.com/firebasejs/12.1.0/firebase-messaging.js","messaging/sw":"https://www.gstatic.com/firebasejs/12.1.0/firebase-messaging/sw.js","database":"https://www.gstatic.com/firebasejs/12.1.0/firebase-database.js","data-connect":"https://www.gstatic.com/firebasejs/12.1.0/firebase-data-connect.js","firestore.memory":"https://www.gstatic.com/firebasejs/12.1.0/firebase-firestore.memory.js"}}
[info] +  Wrote ./index.html 
[info] 
[info] i  Detected a .git folder at C:\Users\yahya\OneDrive\Desktop\contractor-site 
[info] i  Authorizing with GitHub to upload your service account to a GitHub repository's secrets store. 
[info] 
[info] Visit this URL on this device to log in:
[info] https://github.com/login/oauth/authorize?client_id=89cf50f02ac6aaed3484&state=1052973865&redirect_uri=http%3A%2F%2Flocalhost%3A9005&scope=read%3Auser%20repo%20public_repo
[info] 
[info] Waiting for authentication...
